-------------------------------------------------------------------------------
Test set: com.sterling.app.FirstApiVersion2ApplicationTests
-------------------------------------------------------------------------------
Tests run: 1, Failures: 0, Errors: 1, Skipped: 0, Time elapsed: 0.161 s <<< FAILURE! - in com.sterling.app.FirstApiVersion2ApplicationTests
com.sterling.app.FirstApiVersion2ApplicationTests  Time elapsed: 0.159 s  <<< ERROR!
org.springframework.beans.factory.BeanDefinitionStoreException: Failed to read candidate component class: file [E:\javasampleprograms\first-api-version-2\target\test-classes\com\sterling\app\FirstApiVersion2ApplicationTests.class]; nested exception is org.springframework.core.NestedIOException: ASM ClassReader failed to parse class file - probably due to a new Java class file version that isn't supported yet: file [E:\javasampleprograms\first-api-version-2\target\test-classes\com\sterling\app\FirstApiVersion2ApplicationTests.class]; nested exception is java.lang.IllegalArgumentException: Unsupported class file major version 63
Caused by: org.springframework.core.NestedIOException: ASM ClassReader failed to parse class file - probably due to a new Java class file version that isn't supported yet: file [E:\javasampleprograms\first-api-version-2\target\test-classes\com\sterling\app\FirstApiVersion2ApplicationTests.class]; nested exception is java.lang.IllegalArgumentException: Unsupported class file major version 63
Caused by: java.lang.IllegalArgumentException: Unsupported class file major version 63

